<?xml version="1.0" encoding="UTF-8"?>
<!-- Generated by org.testng.reporters.JUnitReportReporter -->
<testsuite hostname="DESKTOP-7IIBLIB" failures="0" tests="1" name="pages.BBloginpage" time="117.775" errors="0" timestamp="2024-03-09T21:26:33 IST" skipped="0">
  <testcase classname="pages.BBloginpage" name="logindetails" time="117.775"/>
</testsuite> <!-- pages.BBloginpage -->
