<?xml version="1.0" encoding="UTF-8"?>
<!-- Generated by org.testng.reporters.JUnitReportReporter -->
<testsuite hostname="DESKTOP-7IIBLIB" failures="0" tests="1" name="pages.ValidationMethods" time="59.115" errors="0" timestamp="2023-12-10T13:54:47 IST" skipped="0">
  <testcase classname="pages.ValidationMethods" name="forgotpswd" time="59.115"/>
</testsuite> <!-- pages.ValidationMethods -->
