<?xml version="1.0" encoding="UTF-8"?>
<!-- Generated by org.testng.reporters.JUnitReportReporter -->
<testsuite hostname="DESKTOP-7IIBLIB" failures="0" tests="1" name="pages.HomePage" time="14.467" errors="0" timestamp="2023-11-27T23:17:38 IST" skipped="0">
  <testcase classname="pages.HomePage" name="test01" time="14.467"/>
</testsuite> <!-- pages.HomePage -->
