<?xml version="1.0" encoding="UTF-8"?>
<!-- Generated by org.testng.reporters.JUnitReportReporter -->
<testsuite hostname="DESKTOP-7IIBLIB" failures="0" tests="1" name="pages.loginpage02" time="301.814" errors="0" timestamp="2023-11-30T15:27:52 IST" skipped="0">
  <testcase classname="pages.loginpage02" name="logindetails" time="301.814"/>
</testsuite> <!-- pages.loginpage02 -->
