<?xml version="1.0" encoding="UTF-8"?>
<!-- Generated by org.testng.reporters.JUnitReportReporter -->
<testsuite hostname="DESKTOP-7IIBLIB" failures="0" tests="1" name="pages.loginpage" time="67.595" errors="0" timestamp="2023-11-30T12:59:45 IST" skipped="0">
  <testcase classname="pages.loginpage" name="logindetails" time="67.595"/>
</testsuite> <!-- pages.loginpage -->
