<?xml version="1.0" encoding="UTF-8"?>
<!-- Generated by org.testng.reporters.JUnitReportReporter -->
<testsuite hostname="DESKTOP-7IIBLIB" failures="0" tests="1" name="pages.SJBookingpage" time="74.177" errors="0" timestamp="2024-03-09T21:29:40 IST" skipped="0">
  <testcase classname="pages.SJBookingpage" name="logindetails" time="74.177"/>
</testsuite> <!-- pages.SJBookingpage -->
