<?xml version="1.0" encoding="UTF-8"?>
<!-- Generated by org.testng.reporters.JUnitReportReporter -->
<testsuite hostname="DESKTOP-7IIBLIB" failures="0" tests="1" name="engine.example1" time="24.971" errors="0" timestamp="2023-11-24T11:44:24 IST" skipped="0">
  <testcase classname="engine.example1" name="spicejet" time="24.971"/>
</testsuite> <!-- engine.example1 -->
